This is XeTeX, Version 3.141592653-2.6-0.999994 (TeX Live 2022/Arch Linux) (preloaded format=xelatex 2022.5.15)  13 SEP 2022 18:40
entering extended mode
 restricted \write18 enabled.
 %&-line parsing enabled.
**Untitled201
(./Untitled201.tex
LaTeX2e <2021-11-15> patch level 1
L3 programming layer <2022-04-10> (/usr/share/texmf-dist/tex/latex/base/article
.cls
Document Class: article 2021/10/04 v1.4n Standard LaTeX document class
(/usr/share/texmf-dist/tex/latex/base/size10.clo
File: size10.clo 2021/10/04 v1.4n Standard LaTeX file (size option)
)
\c@part=\count181
\c@section=\count182
\c@subsection=\count183
\c@subsubsection=\count184
\c@paragraph=\count185
\c@subparagraph=\count186
\c@figure=\count187
\c@table=\count188
\abovecaptionskip=\skip47
\belowcaptionskip=\skip48
\bibindent=\dimen138
) (/usr/share/texmf-dist/tex/latex/amsmath/amsmath.sty
Package: amsmath 2021/10/15 v2.17l AMS math features
\@mathmargin=\skip49
For additional information on amsmath, use the `?' option.
(/usr/share/texmf-dist/tex/latex/amsmath/amstext.sty
Package: amstext 2021/08/26 v2.01 AMS text
(/usr/share/texmf-dist/tex/latex/amsmath/amsgen.sty
File: amsgen.sty 1999/11/30 v2.0 generic functions
\@emptytoks=\toks16
\ex@=\dimen139
)) (/usr/share/texmf-dist/tex/latex/amsmath/amsbsy.sty
Package: amsbsy 1999/11/29 v1.2d Bold Symbols
\pmbraise@=\dimen140
) (/usr/share/texmf-dist/tex/latex/amsmath/amsopn.sty
Package: amsopn 2021/08/26 v2.02 operator names
)
\inf@bad=\count189
LaTeX Info: Redefining \frac on input line 234.
\uproot@=\count190
\leftroot@=\count191
LaTeX Info: Redefining \overline on input line 399.
\classnum@=\count192
\DOTSCASE@=\count193
LaTeX Info: Redefining \ldots on input line 496.
LaTeX Info: Redefining \dots on input line 499.
LaTeX Info: Redefining \cdots on input line 620.
\Mathstrutbox@=\box50
\strutbox@=\box51
\big@size=\dimen141
LaTeX Font Info:    Redeclaring font encoding OML on input line 743.
LaTeX Font Info:    Redeclaring font encoding OMS on input line 744.
\macc@depth=\count194
\c@MaxMatrixCols=\count195
\dotsspace@=\muskip16
\c@parentequation=\count196
\dspbrk@lvl=\count197
\tag@help=\toks17
\row@=\count198
\column@=\count199
\maxfields@=\count266
\andhelp@=\toks18
\eqnshift@=\dimen142
\alignsep@=\dimen143
\tagshift@=\dimen144
\tagwidth@=\dimen145
\totwidth@=\dimen146
\lineht@=\dimen147
\@envbody=\toks19
\multlinegap=\skip50
\multlinetaggap=\skip51
\mathdisplay@stack=\toks20
LaTeX Info: Redefining \[ on input line 2938.
LaTeX Info: Redefining \] on input line 2939.
) (/usr/share/texmf-dist/tex/latex/amsfonts/amssymb.sty
Package: amssymb 2013/01/14 v3.01 AMS font symbols
(/usr/share/texmf-dist/tex/latex/amsfonts/amsfonts.sty
Package: amsfonts 2013/01/14 v3.01 Basic AMSFonts support
\symAMSa=\mathgroup4
\symAMSb=\mathgroup5
LaTeX Font Info:    Redeclaring math symbol \hbar on input line 98.
LaTeX Font Info:    Overwriting math alphabet `\mathfrak' in version `bold'
(Font)                  U/euf/m/n --> U/euf/b/n on input line 106.
)) (/usr/share/texmf-dist/tex/latex/fontspec/fontspec.sty (/usr/share/texmf-dis
t/tex/latex/l3packages/xparse/xparse.sty (/usr/share/texmf-dist/tex/latex/l3ker
nel/expl3.sty
Package: expl3 2022-04-10 L3 programming layer (loader) 
(/usr/share/texmf-dist/tex/latex/l3backend/l3backend-xetex.def
File: l3backend-xetex.def 2022-04-14 L3 backend support: XeTeX
\l__color_backend_stack_int=\count267
\g__color_backend_stack_int=\count268
\g__graphics_track_int=\count269
\l__pdf_internal_box=\box52
\g__pdf_backend_object_int=\count270
\g__pdf_backend_annotation_int=\count271
\g__pdf_backend_link_int=\count272
))
Package: xparse 2022-01-12 L3 Experimental document command parser
)
Package: fontspec 2022/01/15 v2.8a Font selection for XeLaTeX and LuaLaTeX
(/usr/share/texmf-dist/tex/latex/fontspec/fontspec-xetex.sty
Package: fontspec-xetex 2022/01/15 v2.8a Font selection for XeLaTeX and LuaLaTe
X
\l__fontspec_script_int=\count273
\l__fontspec_language_int=\count274
\l__fontspec_strnum_int=\count275
\l__fontspec_tmp_int=\count276
\l__fontspec_tmpa_int=\count277
\l__fontspec_tmpb_int=\count278
\l__fontspec_tmpc_int=\count279
\l__fontspec_em_int=\count280
\l__fontspec_emdef_int=\count281
\l__fontspec_strong_int=\count282
\l__fontspec_strongdef_int=\count283
\l__fontspec_tmpa_dim=\dimen148
\l__fontspec_tmpb_dim=\dimen149
\l__fontspec_tmpc_dim=\dimen150
(/usr/share/texmf-dist/tex/latex/base/fontenc.sty
Package: fontenc 2021/04/29 v2.0v Standard LaTeX package
) (/usr/share/texmf-dist/tex/latex/fontspec/fontspec.cfg))) (/usr/share/texmf-d
ist/tex/xelatex/xunicode/xunicode.sty
File: xunicode.sty 2011/09/09 v0.981 provides access to latin accents and many 
other characters in Unicode lower plane
(/usr/share/texmf-dist/tex/latex/tipa/t3enc.def
File: t3enc.def 2001/12/31 T3 encoding
)
\tipaTiiicode=\count284
\tipasavetokens=\toks21
\tipachecktokens=\toks22
(/usr/share/texmf-dist/tex/latex/graphics/graphicx.sty
Package: graphicx 2021/09/16 v1.2d Enhanced LaTeX Graphics (DPC,SPQR)
(/usr/share/texmf-dist/tex/latex/graphics/keyval.sty
Package: keyval 2014/10/28 v1.15 key=value parser (DPC)
\KV@toks@=\toks23
) (/usr/share/texmf-dist/tex/latex/graphics/graphics.sty
Package: graphics 2021/03/04 v1.4d Standard LaTeX Graphics (DPC,SPQR)
(/usr/share/texmf-dist/tex/latex/graphics/trig.sty
Package: trig 2021/08/11 v1.11 sin cos tan (DPC)
) (/usr/share/texmf-dist/tex/latex/graphics-cfg/graphics.cfg
File: graphics.cfg 2016/06/04 v1.11 sample graphics configuration
)
Package graphics Info: Driver file: xetex.def on input line 107.
(/usr/share/texmf-dist/tex/latex/graphics-def/xetex.def
File: xetex.def 2022/04/12 v5.0l Graphics/color driver for xetex
))
\Gin@req@height=\dimen151
\Gin@req@width=\dimen152
)) (/usr/share/texmf-dist/tex/xelatex/xltxtra/xltxtra.sty
Package: xltxtra 2018/12/31 v0.7 Improvements for the "XeLaTeX" format
(/usr/share/texmf-dist/tex/generic/iftex/ifluatex.sty
Package: ifluatex 2019/10/25 v1.5 ifluatex legacy package. Use iftex instead.
(/usr/share/texmf-dist/tex/generic/iftex/iftex.sty
Package: iftex 2022/02/03 v1.0f TeX engine tests
)) (/usr/share/texmf-dist/tex/generic/iftex/ifxetex.sty
Package: ifxetex 2019/10/25 v0.7 ifxetex legacy package. Use iftex instead.
) (/usr/share/texmf-dist/tex/latex/realscripts/realscripts.sty
Package: realscripts 2016/02/13 v0.3d Access OpenType subscripts and superscrip
ts
\subsupersep=\dimen153
) (/usr/share/texmf-dist/tex/latex/metalogo/metalogo.sty
Package: metalogo 2010/05/29 v0.12 Extended TeX logo macros
\xl@everylogo=\toks24
\xl@@everylogo=\toks25
LaTeX Info: Redefining \TeX on input line 193.
LaTeX Info: Redefining \LaTeX on input line 202.
LaTeX Info: Redefining \LaTeXe on input line 219.
)
\l__xetex_show_hyphens_wrapping_box=\box53
\l__xetex_show_hyphens_temp_box=\box54
\l__xetex_show_hyphens_final_box=\box55
\g__xetex_show_hyphens_word_box=\box56
) (/usr/share/texmf-dist/tex/latex/graphics/color.sty
Package: color 2021/12/07 v1.3c Standard LaTeX Color (DPC)
(/usr/share/texmf-dist/tex/latex/graphics-cfg/color.cfg
File: color.cfg 2016/01/02 v1.6 sample color configuration
)
Package color Info: Driver file: xetex.def on input line 149.
) (/usr/share/texmf-dist/tex/latex/tools/array.sty
Package: array 2021/10/04 v2.5f Tabular extension package (FMi)
\col@sep=\dimen154
\ar@mcellbox=\box57
\extrarowheight=\dimen155
\NC@list=\toks26
\extratabsurround=\skip52
\backup@length=\skip53
\ar@cellbox=\box58
) (/usr/share/texmf-dist/tex/latex/supertabular/supertabular.sty
Package: supertabular 2020/02/02 v4.1g the supertabular environment
\c@tracingst=\count285
\ST@wd=\dimen156
\ST@rightskip=\skip54
\ST@leftskip=\skip55
\ST@parfillskip=\skip56
\ST@pageleft=\dimen157
\ST@headht=\dimen158
\ST@tailht=\dimen159
\ST@pagesofar=\dimen160
\ST@pboxht=\dimen161
\ST@lineht=\dimen162
\ST@prevht=\dimen163
\ST@toadd=\dimen164
\ST@dimen=\dimen165
\ST@pbox=\box59
) (/usr/share/texmf-dist/tex/latex/tools/hhline.sty
Package: hhline 2020/01/04 v2.04 Table rule package (DPC)
) (/usr/share/texmf-dist/tex/latex/hyperref/hyperref.sty
Package: hyperref 2022-02-21 v7.00n Hypertext links for LaTeX
(/usr/share/texmf-dist/tex/generic/ltxcmds/ltxcmds.sty
Package: ltxcmds 2020-05-10 v1.25 LaTeX kernel commands for general use (HO)
) (/usr/share/texmf-dist/tex/generic/pdftexcmds/pdftexcmds.sty
Package: pdftexcmds 2020-06-27 v0.33 Utility functions of pdfTeX for LuaTeX (HO
)
(/usr/share/texmf-dist/tex/generic/infwarerr/infwarerr.sty
Package: infwarerr 2019/12/03 v1.5 Providing info/warning/error messages (HO)
)
Package pdftexcmds Info: \pdf@primitive is available.
Package pdftexcmds Info: \pdf@ifprimitive is available.
Package pdftexcmds Info: \pdfdraftmode not found.
) (/usr/share/texmf-dist/tex/generic/kvsetkeys/kvsetkeys.sty
Package: kvsetkeys 2019/12/15 v1.18 Key value parser (HO)
) (/usr/share/texmf-dist/tex/generic/kvdefinekeys/kvdefinekeys.sty
Package: kvdefinekeys 2019-12-19 v1.6 Define keys (HO)
) (/usr/share/texmf-dist/tex/generic/pdfescape/pdfescape.sty
Package: pdfescape 2019/12/09 v1.15 Implements pdfTeX's escape features (HO)
) (/usr/share/texmf-dist/tex/latex/hycolor/hycolor.sty
Package: hycolor 2020-01-27 v1.10 Color options for hyperref/bookmark (HO)
) (/usr/share/texmf-dist/tex/latex/letltxmacro/letltxmacro.sty
Package: letltxmacro 2019/12/03 v1.6 Let assignment for LaTeX macros (HO)
) (/usr/share/texmf-dist/tex/latex/auxhook/auxhook.sty
Package: auxhook 2019-12-17 v1.6 Hooks for auxiliary files (HO)
) (/usr/share/texmf-dist/tex/latex/kvoptions/kvoptions.sty
Package: kvoptions 2020-10-07 v3.14 Key value format for package options (HO)
)
\@linkdim=\dimen166
\Hy@linkcounter=\count286
\Hy@pagecounter=\count287
(/usr/share/texmf-dist/tex/latex/hyperref/pd1enc.def
File: pd1enc.def 2022-02-21 v7.00n Hyperref: PDFDocEncoding definition (HO)
) (/usr/share/texmf-dist/tex/generic/intcalc/intcalc.sty
Package: intcalc 2019/12/15 v1.3 Expandable calculations with integers (HO)
) (/usr/share/texmf-dist/tex/generic/etexcmds/etexcmds.sty
Package: etexcmds 2019/12/15 v1.7 Avoid name clashes with e-TeX commands (HO)
)
\Hy@SavedSpaceFactor=\count288
(/usr/share/texmf-dist/tex/latex/hyperref/puenc.def
File: puenc.def 2022-02-21 v7.00n Hyperref: PDF Unicode definition (HO)
(/usr/share/texmf-dist/tex/latex/hyperref/puenc-greekbasic.def
File: puenc-greekbasic.def 2022-02-21 v7.00n Hyperref: PDF Unicode definition (
greek block) (HO)
))
Package hyperref Info: Hyper figures OFF on input line 4137.
Package hyperref Info: Link nesting OFF on input line 4142.
Package hyperref Info: Hyper index ON on input line 4145.
Package hyperref Info: Plain pages OFF on input line 4152.
Package hyperref Info: Backreferencing OFF on input line 4157.
Package hyperref Info: Implicit mode ON; LaTeX internals redefined.
Package hyperref Info: Bookmarks ON on input line 4390.
\c@Hy@tempcnt=\count289
(/usr/share/texmf-dist/tex/latex/url/url.sty
\Urlmuskip=\muskip17
Package: url 2013/09/16  ver 3.4  Verb mode for urls, etc.
)
LaTeX Info: Redefining \url on input line 4749.
\XeTeXLinkMargin=\dimen167
(/usr/share/texmf-dist/tex/generic/bitset/bitset.sty
Package: bitset 2019/12/09 v1.3 Handle bit-vector datatype (HO)
(/usr/share/texmf-dist/tex/generic/bigintcalc/bigintcalc.sty
Package: bigintcalc 2019/12/15 v1.5 Expandable calculations on big integers (HO
)
))
\Fld@menulength=\count290
\Field@Width=\dimen168
\Fld@charsize=\dimen169
Package hyperref Info: Hyper figures OFF on input line 6027.
Package hyperref Info: Link nesting OFF on input line 6032.
Package hyperref Info: Hyper index ON on input line 6035.
Package hyperref Info: backreferencing OFF on input line 6042.
Package hyperref Info: Link coloring OFF on input line 6047.
Package hyperref Info: Link coloring with OCG OFF on input line 6052.
Package hyperref Info: PDF/A mode OFF on input line 6057.
LaTeX Info: Redefining \ref on input line 6097.
LaTeX Info: Redefining \pageref on input line 6101.
(/usr/share/texmf-dist/tex/latex/base/atbegshi-ltx.sty
Package: atbegshi-ltx 2021/01/10 v1.0c Emulation of the original atbegshi
package with kernel methods
)
\Hy@abspage=\count291
\c@Item=\count292
\c@Hfootnote=\count293
)
Package hyperref Info: Driver (autodetected): hxetex.
(/usr/share/texmf-dist/tex/latex/hyperref/hxetex.def
File: hxetex.def 2022-02-21 v7.00n Hyperref driver for XeTeX
(/usr/share/texmf-dist/tex/generic/stringenc/stringenc.sty
Package: stringenc 2019/11/29 v1.12 Convert strings between diff. encodings (HO
)
)
\pdfm@box=\box60
\c@Hy@AnnotLevel=\count294
\HyField@AnnotCount=\count295
\Fld@listcount=\count296
\c@bookmark@seq@number=\count297
(/usr/share/texmf-dist/tex/latex/rerunfilecheck/rerunfilecheck.sty
Package: rerunfilecheck 2019/12/05 v1.9 Rerun checks for auxiliary files (HO)
(/usr/share/texmf-dist/tex/latex/base/atveryend-ltx.sty
Package: atveryend-ltx 2020/08/19 v1.0a Emulation of the original atveryend pac
kage
with kernel methods
) (/usr/share/texmf-dist/tex/generic/uniquecounter/uniquecounter.sty
Package: uniquecounter 2019/12/15 v1.4 Provide unlimited unique counter (HO)
)
Package uniquecounter Info: New unique counter `rerunfilecheck' on input line 2
86.
)
\Hy@SectionHShift=\skip57
)
Package hyperref Info: Option `colorlinks' set `true' on input line 13.
(/usr/share/texmf-dist/tex/latex/polyglossia/polyglossia.sty
Package: polyglossia 2022/04/10 v1.55a Modern multilingual typesetting with XeL
aTeX and LuaLaTeX
(/usr/share/texmf-dist/tex/latex/etoolbox/etoolbox.sty
Package: etoolbox 2020/10/05 v2.5k e-TeX tools for LaTeX (JAW)
\etb@tempcnta=\count298
) (/usr/share/texmf-dist/tex/latex/makecmds/makecmds.sty
Package: makecmds 2009/09/03 v1.0a extra command making commands
) (/usr/share/texmf-dist/tex/latex/xkeyval/xkeyval.sty
Package: xkeyval 2020/11/20 v2.8 package option processing (HA)
(/usr/share/texmf-dist/tex/generic/xkeyval/xkeyval.tex (/usr/share/texmf-dist/t
ex/generic/xkeyval/xkvutils.tex
\XKV@toks=\toks27
\XKV@tempa@toks=\toks28
)
\XKV@depth=\count299
File: xkeyval.tex 2014/12/03 v2.7a key=value parser (HA)
)) (/usr/share/texmf-dist/tex/latex/l3packages/l3keys2e/l3keys2e.sty
Package: l3keys2e 2022-01-12 LaTeX2e option processing using LaTeX3 keys
)
\xpg@normalclass=\XeTeXcharclass1
(/usr/share/texmf-dist/tex/latex/polyglossia/gloss-latex.lde
Package: gloss-latex 2021/07/10 vv1.53 polyglossia: module for default language

The property list \polyglossia@langsetup contains the pairs (without outer
braces):
>  {latex/script}  =>  {latin}
>  {latex/lcscript}  =>  {latin}
>  {latex/scripttag}  =>  {}
>  {latex/language}  =>  {Latex}
>  {latex/langtag}  =>  {ENG}
>  {latex/bcp47}  =>  {}
>  {latex/hyphennames}  =>  {english}
>  {latex/direction}  =>  {LR}
>  {latex/hyphenmins}  =>  {2,3}
>  {latex/frenchspacing}  =>  {false}
>  {latex/indentfirst}  =>  {false}
>  {latex/fontsetup}  =>  {true}
>  {latex/envname}  =>  {latex}
>  {latex/babelname}  =>  {latex}
>  {latex/localnumeral}  =>  {polyglossia@C@localnumeral}
>  {latex/Localnumeral}  =>  {polyglossia@C@localnumeral}
>  {latex/DefineCommandsCmd}  =>  {use_none:n}.
)
Package polyglossia Info: Default language is latex.
) (/usr/share/texmf-dist/tex/latex/polyglossia/gloss-english.ldf
File: gloss-english.ldf polyglossia: module for english
The property list \polyglossia@langsetup contains the pairs (without outer
braces):
>  {latex/script}  =>  {latin}
>  {latex/lcscript}  =>  {latin}
>  {latex/scripttag}  =>  {}
>  {latex/language}  =>  {Latex}
>  {latex/langtag}  =>  {ENG}
>  {latex/bcp47}  =>  {}
>  {latex/hyphennames}  =>  {english}
>  {latex/direction}  =>  {LR}
>  {latex/hyphenmins}  =>  {2,3}
>  {latex/frenchspacing}  =>  {false}
>  {latex/indentfirst}  =>  {false}
>  {latex/fontsetup}  =>  {true}
>  {latex/envname}  =>  {latex}
>  {latex/babelname}  =>  {latex}
>  {latex/localnumeral}  =>  {polyglossia@C@localnumeral}
>  {latex/Localnumeral}  =>  {polyglossia@C@localnumeral}
>  {latex/DefineCommandsCmd}  =>  {use_none:n}
>  {english/script}  =>  {latin}
>  {english/lcscript}  =>  {latin}
>  {english/scripttag}  =>  {}
>  {english/language}  =>  {English}
>  {english/langtag}  =>  {ENG}
>  {english/bcp47}  =>  {en-US}
>  {english/hyphennames}  =>  {english,american,usenglish,USenglish}
>  {english/direction}  =>  {LR}
>  {english/hyphenmins}  =>  {2,3}
>  {english/frenchspacing}  =>  {false}
>  {english/indentfirst}  =>  {false}
>  {english/fontsetup}  =>  {true}
>  {english/envname}  =>  {english}
>  {english/babelname}  =>  {english}
>  {english/localnumeral}  =>  {polyglossia@C@localnumeral}
>  {english/Localnumeral}  =>  {polyglossia@C@localnumeral}
>  {english/DefineCommandsCmd}  =>  {xpg_define_language_commands:e}.
Package polyglossia Info: Option: English, variant=american.
)
Package polyglossia Info: Option: English, variant=american.
Package polyglossia Info: Option: English, variant=american.
Package polyglossia Info: Default language is english.
Package polyglossia Info: Option: English, variant=american.
(./Untitled201.aux
Package polyglossia Info: Option: English, variant=american.
Package polyglossia Info: Option: English, variant=american.
LaTeX Info: Redefining \rmfamily on input line 19.
LaTeX Info: Redefining \sffamily on input line 19.
LaTeX Info: Redefining \ttfamily on input line 19.
Package polyglossia Info: Option: English, variant=american.
Package polyglossia Info: Option: English, variant=american.
)
\openout1 = `Untitled201.aux'.

LaTeX Font Info:    Checking defaults for OML/cmm/m/it on input line 48.
LaTeX Font Info:    ... okay on input line 48.
LaTeX Font Info:    Checking defaults for OMS/cmsy/m/n on input line 48.
LaTeX Font Info:    ... okay on input line 48.
LaTeX Font Info:    Checking defaults for OT1/cmr/m/n on input line 48.
LaTeX Font Info:    ... okay on input line 48.
LaTeX Font Info:    Checking defaults for T1/cmr/m/n on input line 48.
LaTeX Font Info:    ... okay on input line 48.
LaTeX Font Info:    Checking defaults for TS1/cmr/m/n on input line 48.
LaTeX Font Info:    Trying to load font information for TS1+cmr on input line 4
8.
(/usr/share/texmf-dist/tex/latex/base/ts1cmr.fd
File: ts1cmr.fd 2019/12/16 v2.5j Standard LaTeX font definitions
)
LaTeX Font Info:    ... okay on input line 48.
LaTeX Font Info:    Checking defaults for TU/lmr/m/n on input line 48.
LaTeX Font Info:    ... okay on input line 48.
LaTeX Font Info:    Checking defaults for OMX/cmex/m/n on input line 48.
LaTeX Font Info:    ... okay on input line 48.
LaTeX Font Info:    Checking defaults for U/cmr/m/n on input line 48.
LaTeX Font Info:    ... okay on input line 48.
LaTeX Font Info:    Checking defaults for T3/cmr/m/n on input line 48.
LaTeX Font Info:    Trying to load font information for T3+cmr on input line 48
.
(/usr/share/texmf-dist/tex/latex/tipa/t3cmr.fd
File: t3cmr.fd 2001/12/31 TIPA font definitions
)
LaTeX Font Info:    ... okay on input line 48.
LaTeX Font Info:    Checking defaults for PD1/pdf/m/n on input line 48.
LaTeX Font Info:    ... okay on input line 48.
LaTeX Font Info:    Checking defaults for PU/pdf/m/n on input line 48.
LaTeX Font Info:    ... okay on input line 48.

Package fontspec Info: Adjusting the maths setup (use [no-math] to avoid
(fontspec)             this).

\symlegacymaths=\mathgroup6
LaTeX Font Info:    Overwriting symbol font `legacymaths' in version `bold'
(Font)                  OT1/cmr/m/n --> OT1/cmr/bx/n on input line 48.
LaTeX Font Info:    Redeclaring math accent \acute on input line 48.
LaTeX Font Info:    Redeclaring math accent \grave on input line 48.
LaTeX Font Info:    Redeclaring math accent \ddot on input line 48.
LaTeX Font Info:    Redeclaring math accent \tilde on input line 48.
LaTeX Font Info:    Redeclaring math accent \bar on input line 48.
LaTeX Font Info:    Redeclaring math accent \breve on input line 48.
LaTeX Font Info:    Redeclaring math accent \check on input line 48.
LaTeX Font Info:    Redeclaring math accent \hat on input line 48.
LaTeX Font Info:    Redeclaring math accent \dot on input line 48.
LaTeX Font Info:    Redeclaring math accent \mathring on input line 48.
LaTeX Font Info:    Redeclaring math symbol \Gamma on input line 48.
LaTeX Font Info:    Redeclaring math symbol \Delta on input line 48.
LaTeX Font Info:    Redeclaring math symbol \Theta on input line 48.
LaTeX Font Info:    Redeclaring math symbol \Lambda on input line 48.
LaTeX Font Info:    Redeclaring math symbol \Xi on input line 48.
LaTeX Font Info:    Redeclaring math symbol \Pi on input line 48.
LaTeX Font Info:    Redeclaring math symbol \Sigma on input line 48.
LaTeX Font Info:    Redeclaring math symbol \Upsilon on input line 48.
LaTeX Font Info:    Redeclaring math symbol \Phi on input line 48.
LaTeX Font Info:    Redeclaring math symbol \Psi on input line 48.
LaTeX Font Info:    Redeclaring math symbol \Omega on input line 48.
LaTeX Font Info:    Redeclaring math symbol \mathdollar on input line 48.
LaTeX Font Info:    Redeclaring symbol font `operators' on input line 48.
LaTeX Font Info:    Encoding `OT1' has changed to `TU' for symbol font
(Font)              `operators' in the math version `normal' on input line 48.
LaTeX Font Info:    Overwriting symbol font `operators' in version `normal'
(Font)                  OT1/cmr/m/n --> TU/lmr/m/n on input line 48.
LaTeX Font Info:    Encoding `OT1' has changed to `TU' for symbol font
(Font)              `operators' in the math version `bold' on input line 48.
LaTeX Font Info:    Overwriting symbol font `operators' in version `bold'
(Font)                  OT1/cmr/bx/n --> TU/lmr/m/n on input line 48.
LaTeX Font Info:    Overwriting symbol font `operators' in version `normal'
(Font)                  TU/lmr/m/n --> TU/lmr/m/n on input line 48.
LaTeX Font Info:    Overwriting math alphabet `\mathit' in version `normal'
(Font)                  OT1/cmr/m/it --> TU/lmr/m/it on input line 48.
LaTeX Font Info:    Overwriting math alphabet `\mathbf' in version `normal'
(Font)                  OT1/cmr/bx/n --> TU/lmr/b/n on input line 48.
LaTeX Font Info:    Overwriting math alphabet `\mathsf' in version `normal'
(Font)                  OT1/cmss/m/n --> TU/lmss/m/n on input line 48.
LaTeX Font Info:    Overwriting math alphabet `\mathtt' in version `normal'
(Font)                  OT1/cmtt/m/n --> TU/lmtt/m/n on input line 48.
LaTeX Font Info:    Overwriting symbol font `operators' in version `bold'
(Font)                  TU/lmr/m/n --> TU/lmr/b/n on input line 48.
LaTeX Font Info:    Overwriting math alphabet `\mathit' in version `bold'
(Font)                  OT1/cmr/bx/it --> TU/lmr/b/it on input line 48.
LaTeX Font Info:    Overwriting math alphabet `\mathsf' in version `bold'
(Font)                  OT1/cmss/bx/n --> TU/lmss/b/n on input line 48.
LaTeX Font Info:    Overwriting math alphabet `\mathtt' in version `bold'
(Font)                  OT1/cmtt/m/n --> TU/lmtt/b/n on input line 48.
Package hyperref Info: Link coloring ON on input line 48.
(/usr/share/texmf-dist/tex/latex/hyperref/nameref.sty
Package: nameref 2021-04-02 v2.47 Cross-referencing by name of section
(/usr/share/texmf-dist/tex/latex/refcount/refcount.sty
Package: refcount 2019/12/15 v3.6 Data extraction from label references (HO)
) (/usr/share/texmf-dist/tex/generic/gettitlestring/gettitlestring.sty
Package: gettitlestring 2019/12/15 v1.6 Cleanup title references (HO)
)
\c@section@level=\count300
)
LaTeX Info: Redefining \ref on input line 48.
LaTeX Info: Redefining \pageref on input line 48.
LaTeX Info: Redefining \nameref on input line 48.
(./Untitled201.out) (./Untitled201.out)
\@outlinefile=\write3
\openout3 = `Untitled201.out'.

The property list \__xpg_alias contains the pairs (without outer braces):
>  {latex/target}  =>  {latex}
>  {english/target}  =>  {english}
>  {en/target}  =>  {english}
>  {en/bcp47}  =>  {en}
>  {en/options}  =>  {bcp47=en}
>  {en-AU/target}  =>  {en}
>  {en-AU/variant}  =>  {australian}
>  {en-AU/bcp47}  =>  {en-AU}
>  {en-AU/babelname}  =>  {australian}
>  {en-AU/options}  =>  {variant=australian,babelname=autralian,bcp47=en-AU}
>  {en-CA/target}  =>  {en}
>  {en-CA/variant}  =>  {canadian}
>  {en-CA/bcp47}  =>  {en-CA}
>  {en-CA/babelname}  =>  {canadian}
>  {en-CA/options}  =>  {variant=canadian,babelname=canadian,bcp47=en-CA}
>  {en-GB/target}  =>  {en}
>  {en-GB/variant}  =>  {british}
>  {en-GB/bcp47}  =>  {en-NZ}
>  {en-GB/babelname}  =>  {british}
>  {en-GB/options}  =>  {variant=british,babelname=british,bcp47=en-NZ}
>  {en-NZ/target}  =>  {en}
>  {en-NZ/variant}  =>  {newzealand}
>  {en-NZ/bcp47}  =>  {en-NZ}
>  {en-NZ/babelname}  =>  {newzealand}
>  {en-NZ/options}  =>  {variant=newzealand,babelname=newzealand,bcp47=en-NZ}
>  {en-US/target}  =>  {en}
>  {en-US/variant}  =>  {us}
>  {en-US/bcp47}  =>  {en-US}
>  {en-US/babelname}  =>  {us}
>  {en-US/options}  =>  {variant=us,babelname=american,bcp47=en-US}
>  {american/target}  =>  {en-US}
>  {american/variant}  =>  {us}
>  {american/options}  =>  {variant=us}
>  {australian/target}  =>  {en-AU}
>  {australian/variant}  =>  {australian}
>  {australian/options}  =>  {variant=australian}
>  {british/target}  =>  {en-GB}
>  {british/variant}  =>  {british}
>  {british/options}  =>  {variant=british}
>  {canadian/target}  =>  {en-CA}
>  {canadian/variant}  =>  {canadian}
>  {canadian/options}  =>  {variant=canadian}
>  {newzealand/target}  =>  {en-NZ}
>  {newzealand/variant}  =>  {newzealand}
>  {newzealand/options}  =>  {variant=newzealand}.
Package polyglossia Info: Option: English, variant=american.
Package polyglossia Info: Option: English, variant=american.
LaTeX Info: Redefining \rmfamily on input line 48.
LaTeX Info: Redefining \sffamily on input line 48.
LaTeX Info: Redefining \ttfamily on input line 48.
Package polyglossia Info: Option: English, variant=american.
Package polyglossia Info: Option: English, variant=american.
LaTeX Font Info:    Trying to load font information for U+msa on input line 56.

(/usr/share/texmf-dist/tex/latex/amsfonts/umsa.fd
File: umsa.fd 2013/01/14 v3.01 AMS symbols A
)
LaTeX Font Info:    Trying to load font information for U+msb on input line 56.

(/usr/share/texmf-dist/tex/latex/amsfonts/umsb.fd
File: umsb.fd 2013/01/14 v3.01 AMS symbols B
)
Overfull \hbox (1.6111pt too wide) in paragraph at lines 58--58
 []\TU/lmr/m/n/10 Layer|
 []


Overfull \hbox (7.45297pt too wide) in paragraph at lines 60--60
 []\TU/lmr/m/n/10 Padding|
 []


Overfull \hbox (4.84041pt too wide) in paragraph at lines 61--61
 []\TU/lmr/m/n/10 Stride|
 []


Overfull \hbox (1.4611pt too wide) in paragraph at lines 64--64
 []\TU/lmr/m/n/10 Input|
 []


Overfull \hbox (5.0611pt too wide) in paragraph at lines 70--70
 []\TU/lmr/m/n/10 Conv1|
 []


Overfull \hbox (5.0611pt too wide) in paragraph at lines 76--76
 []\TU/lmr/m/n/10 Conv2|
 []


Overfull \hbox (5.0611pt too wide) in paragraph at lines 82--82
 []\TU/lmr/m/n/10 Conv3|
 []


Overfull \hbox (5.0611pt too wide) in paragraph at lines 88--88
 []\TU/lmr/m/n/10 Conv4|
 []


Overfull \hbox (5.0611pt too wide) in paragraph at lines 94--94
 []\TU/lmr/m/n/10 Conv5|
 []


Underfull \hbox (badness 10000) in paragraph at lines 133--133
[]\TU/lmr/m/n/10 Avg. infraction
 []


Overfull \hbox (2.38498pt too wide) in paragraph at lines 115--184
 [] 
 []


Underfull \hbox (badness 10000) in paragraph at lines 204--204
[]\TU/lmr/m/n/10 Avg. infraction
 []


Underfull \hbox (badness 10000) in paragraph at lines 206--206
[]\TU/lmr/m/n/10 Collisions with
 []


Underfull \hbox (badness 1342) in paragraph at lines 210--210
[]\TU/lmr/m/n/10 Collisions with lay-
 []

[1

]
Underfull \hbox (badness 10000) in paragraph at lines 248--248
[]\TU/lmr/m/n/10 Avg. infraction
 []


Underfull \hbox (badness 10000) in paragraph at lines 251--251
[]\TU/lmr/m/n/10 Collisions with
 []


Underfull \hbox (badness 1342) in paragraph at lines 257--257
[]\TU/lmr/m/n/10 Collisions with lay-
 []


Underfull \hbox (badness 10000) in paragraph at lines 315--315
[]\TU/lmr/m/n/10 Avg. infraction
 []


Overfull \hbox (1.9935pt too wide) in paragraph at lines 300--342
 [] 
 []

[2]
Overfull \hbox (1.9935pt too wide) in paragraph at lines 342--356
 [] 
 []


Underfull \hbox (badness 10000) in paragraph at lines 380--380
[]\TU/lmr/m/n/10 AIM
 []


Underfull \hbox (badness 1975) in paragraph at lines 392--392
[]\TU/lmr/m/n/10 Avg. driving
 []


Underfull \hbox (badness 8056) in paragraph at lines 400--400
[]\TU/lmr/m/n/10 Avg. route
 []


Underfull \hbox (badness 1117) in paragraph at lines 416--416
[]\TU/lmr/m/n/10 Collisions with
 []


Underfull \hbox (badness 1117) in paragraph at lines 424--424
[]\TU/lmr/m/n/10 Collisions with
 []


Underfull \hbox (badness 1117) in paragraph at lines 432--432
[]\TU/lmr/m/n/10 Collisions with
 []


Underfull \hbox (badness 1917) in paragraph at lines 440--440
[]\TU/lmr/m/n/10 Red lights in-
 []


Underfull \hbox (badness 5490) in paragraph at lines 448--448
[]\TU/lmr/m/n/10 Stop sign in-
 []


Underfull \hbox (badness 10000) in paragraph at lines 464--464
[]\TU/lmr/m/n/10 Route devia-
 []


Overfull \hbox (3.6421pt too wide) in paragraph at lines 368--489
 [] 
 []

The property list \polyglossia@langsetup contains the pairs (without outer
braces):
>  {latex/script}  =>  {latin}
>  {latex/lcscript}  =>  {latin}
>  {latex/scripttag}  =>  {}
>  {latex/language}  =>  {Latex}
>  {latex/langtag}  =>  {ENG}
>  {latex/bcp47}  =>  {}
>  {latex/hyphennames}  =>  {english}
>  {latex/direction}  =>  {LR}
>  {latex/hyphenmins}  =>  {2,3}
>  {latex/frenchspacing}  =>  {false}
>  {latex/indentfirst}  =>  {false}
>  {latex/fontsetup}  =>  {true}
>  {latex/envname}  =>  {latex}
>  {latex/babelname}  =>  {latex}
>  {latex/localnumeral}  =>  {polyglossia@C@localnumeral}
>  {latex/Localnumeral}  =>  {polyglossia@C@localnumeral}
>  {latex/DefineCommandsCmd}  =>  {use_none:n}
>  {english/script}  =>  {latin}
>  {english/lcscript}  =>  {latin}
>  {english/scripttag}  =>  {}
>  {english/language}  =>  {English}
>  {english/langtag}  =>  {ENG}
>  {english/bcp47}  =>  {en-US}
>  {english/hyphennames}  =>  {english,american,usenglish,USenglish}
>  {english/direction}  =>  {LR}
>  {english/hyphenmins}  =>  {2,3}
>  {english/frenchspacing}  =>  {false}
>  {english/indentfirst}  =>  {false}
>  {english/fontsetup}  =>  {true}
>  {english/envname}  =>  {english}
>  {english/babelname}  =>  {american}
>  {english/localnumeral}  =>  {polyglossia@C@localnumeral}
>  {english/Localnumeral}  =>  {polyglossia@C@localnumeral}
>  {english/DefineCommandsCmd}  =>  {xpg_define_language_commands:e}.
The property list \__xpg_alias contains the pairs (without outer braces):
>  {latex/target}  =>  {latex}
>  {english/target}  =>  {english}
>  {en/target}  =>  {english}
>  {en/bcp47}  =>  {en}
>  {en/options}  =>  {bcp47=en}
>  {en-AU/target}  =>  {en}
>  {en-AU/variant}  =>  {australian}
>  {en-AU/bcp47}  =>  {en-AU}
>  {en-AU/babelname}  =>  {australian}
>  {en-AU/options}  =>  {variant=australian,babelname=autralian,bcp47=en-AU}
>  {en-CA/target}  =>  {en}
>  {en-CA/variant}  =>  {canadian}
>  {en-CA/bcp47}  =>  {en-CA}
>  {en-CA/babelname}  =>  {canadian}
>  {en-CA/options}  =>  {variant=canadian,babelname=canadian,bcp47=en-CA}
>  {en-GB/target}  =>  {en}
>  {en-GB/variant}  =>  {british}
>  {en-GB/bcp47}  =>  {en-NZ}
>  {en-GB/babelname}  =>  {british}
>  {en-GB/options}  =>  {variant=british,babelname=british,bcp47=en-NZ}
>  {en-NZ/target}  =>  {en}
>  {en-NZ/variant}  =>  {newzealand}
>  {en-NZ/bcp47}  =>  {en-NZ}
>  {en-NZ/babelname}  =>  {newzealand}
>  {en-NZ/options}  =>  {variant=newzealand,babelname=newzealand,bcp47=en-NZ}
>  {en-US/target}  =>  {en}
>  {en-US/variant}  =>  {us}
>  {en-US/bcp47}  =>  {en-US}
>  {en-US/babelname}  =>  {us}
>  {en-US/options}  =>  {variant=us,babelname=american,bcp47=en-US}
>  {american/target}  =>  {en-US}
>  {american/variant}  =>  {us}
>  {american/options}  =>  {variant=us}
>  {australian/target}  =>  {en-AU}
>  {australian/variant}  =>  {australian}
>  {australian/options}  =>  {variant=australian}
>  {british/target}  =>  {en-GB}
>  {british/variant}  =>  {british}
>  {british/options}  =>  {variant=british}
>  {canadian/target}  =>  {en-CA}
>  {canadian/variant}  =>  {canadian}
>  {canadian/options}  =>  {variant=canadian}
>  {newzealand/target}  =>  {en-NZ}
>  {newzealand/variant}  =>  {newzealand}
>  {newzealand/options}  =>  {variant=newzealand}.
[3] (./Untitled201.aux
Package polyglossia Info: Option: English, variant=american.
Package polyglossia Info: Option: English, variant=american.
LaTeX Info: Redefining \rmfamily on input line 19.
LaTeX Info: Redefining \sffamily on input line 19.
LaTeX Info: Redefining \ttfamily on input line 19.
Package polyglossia Info: Option: English, variant=american.
Package polyglossia Info: Option: English, variant=american.
)
Package rerunfilecheck Info: File `Untitled201.out' has not changed.
(rerunfilecheck)             Checksum: D41D8CD98F00B204E9800998ECF8427E;0.
 ) 
Here is how much of TeX's memory you used:
 16533 strings out of 476156
 312645 string characters out of 5814963
 688137 words of memory out of 5000000
 37111 multiletter control sequences out of 15000+600000
 471374 words of font info for 44 fonts, out of 8000000 for 9000
 1348 hyphenation exceptions out of 8191
 72i,9n,77p,308b,432s stack positions out of 5000i,500n,10000p,200000b,80000s

Output written on Untitled201.pdf (3 pages).
